2023-09-17 23:06:36.771  INFO 15836 --- [main] c.a.logging.Boot303LoggingApplication    : Starting Boot303LoggingApplication using Java 17.0.7 with PID 15836 (D:\SSMJava\Spring-Boot-3\boot3-03-logging\target\classes started by Lenovo in D:\SSMJava\Spring-Boot-3)
2023-09-17 23:06:36.773  INFO 15836 --- [main] c.a.logging.Boot303LoggingApplication    : No active profile set, falling back to 1 default profile: "default"
2023-09-17 23:06:37.319  INFO 15836 --- [main] o.s.b.w.embedded.tomcat.TomcatWebServer  : Tomcat initialized with port(s): 8080 (http)
2023-09-17 23:06:37.319  INFO 15836 --- [main] o.a.catalina.core.AprLifecycleListener   : An older version [2.0.4] of the Apache Tomcat Native library is installed, while Tomcat recommends a minimum version of [2.0.5]
2023-09-17 23:06:37.320  INFO 15836 --- [main] o.a.catalina.core.AprLifecycleListener   : Loaded Apache Tomcat Native library [2.0.4] using APR version [1.7.4].
2023-09-17 23:06:37.324  INFO 15836 --- [main] o.a.catalina.core.AprLifecycleListener   : OpenSSL successfully initialized [OpenSSL 3.0.9 30 May 2023]
2023-09-17 23:06:37.330  INFO 15836 --- [main] o.apache.catalina.core.StandardService   : Starting service [Tomcat]
2023-09-17 23:06:37.330  INFO 15836 --- [main] o.apache.catalina.core.StandardEngine    : Starting Servlet engine: [Apache Tomcat/10.1.12]
2023-09-17 23:06:37.395  INFO 15836 --- [main] o.a.c.c.C.[Tomcat].[localhost].[/]       : Initializing Spring embedded WebApplicationContext
2023-09-17 23:06:37.395  INFO 15836 --- [main] w.s.c.ServletWebServerApplicationContext : Root WebApplicationContext: initialization completed in 588 ms
2023-09-17 23:06:37.619  INFO 15836 --- [main] o.s.b.w.embedded.tomcat.TomcatWebServer  : Tomcat started on port(s): 8080 (http) with context path ''
2023-09-17 23:06:37.624  INFO 15836 --- [main] c.a.logging.Boot303LoggingApplication    : Started Boot303LoggingApplication in 1.156 seconds (process running for 1.652)
2023-09-17 23:06:43.670  INFO 15836 --- [http-nio-8080-exec-1] o.a.c.c.C.[Tomcat].[localhost].[/]       : Initializing Spring DispatcherServlet 'dispatcherServlet'
2023-09-17 23:06:43.670  INFO 15836 --- [http-nio-8080-exec-1] o.s.web.servlet.DispatcherServlet        : Initializing Servlet 'dispatcherServlet'
2023-09-17 23:06:43.671  INFO 15836 --- [http-nio-8080-exec-1] o.s.web.servlet.DispatcherServlet        : Completed initialization in 1 ms
2023-09-17 23:06:43.690  INFO 15836 --- [http-nio-8080-exec-1] c.a.logging.controller.HelloController   : hello(),方法进来了
2023-09-17 23:06:43.790  INFO 15836 --- [http-nio-8080-exec-2] c.a.logging.controller.HelloController   : hello(),方法进来了
2023-09-17 23:06:43.937  INFO 15836 --- [http-nio-8080-exec-3] c.a.logging.controller.HelloController   : hello(),方法进来了
2023-09-17 23:06:44.056  INFO 15836 --- [http-nio-8080-exec-4] c.a.logging.controller.HelloController   : hello(),方法进来了
2023-09-17 23:06:44.192  INFO 15836 --- [http-nio-8080-exec-5] c.a.logging.controller.HelloController   : hello(),方法进来了
2023-09-17 23:06:44.333  INFO 15836 --- [http-nio-8080-exec-6] c.a.logging.controller.HelloController   : hello(),方法进来了
